<?xml version="1.0" encoding="UTF-8"?>
<!-- Generated by org.testng.reporters.JUnitReportReporter -->
<testsuite skipped="0" hostname="DESKTOP-19ONMSO" name="com.qa.testscript.TC_AmazonFooter" tests="1" failures="0" timestamp="29 Apr 2021 08:04:01 GMT" time="9.616" errors="0">
  <testcase name="getCountryNames" time="9.616" classname="com.qa.testscript.TC_AmazonFooter"/>
</testsuite> <!-- com.qa.testscript.TC_AmazonFooter -->
