<?xml version="1.0" encoding="UTF-8"?>
<!-- Generated by org.testng.reporters.JUnitReportReporter -->
<testsuite skipped="0" hostname="DESKTOP-19ONMSO" name="com.qa.testscript.TC_GoogleSearch_03" tests="1" failures="0" timestamp="26 Apr 2021 12:14:53 GMT" time="16.226" errors="0">
  <testcase name="main" time="16.226" classname="com.qa.testscript.TC_GoogleSearch_03"/>
</testsuite> <!-- com.qa.testscript.TC_GoogleSearch_03 -->
