<?xml version="1.0" encoding="UTF-8"?>
<!-- Generated by org.testng.reporters.JUnitReportReporter -->
<testsuite skipped="0" hostname="DESKTOP-19ONMSO" name="com.qa.testscript.TC_ScrollByPositionsAmazon" tests="1" failures="0" timestamp="29 Apr 2021 12:49:14 GMT" time="50.238" errors="0">
  <testcase name="scrollBy" time="50.238" classname="com.qa.testscript.TC_ScrollByPositionsAmazon"/>
</testsuite> <!-- com.qa.testscript.TC_ScrollByPositionsAmazon -->
