<?xml version="1.0" encoding="UTF-8"?>
<!-- Generated by org.testng.reporters.JUnitReportReporter -->
<testsuite skipped="0" hostname="DESKTOP-19ONMSO" name="com.qa.testscript.TC_CitiBank_01" tests="1" failures="0" timestamp="29 Apr 2021 05:54:49 GMT" time="31.377" errors="0">
  <testcase name="multipleWindow" time="31.377" classname="com.qa.testscript.TC_CitiBank_01"/>
</testsuite> <!-- com.qa.testscript.TC_CitiBank_01 -->
