<?xml version="1.0" encoding="UTF-8"?>
<!-- Generated by org.testng.reporters.JUnitReportReporter -->
<testsuite skipped="0" hostname="DESKTOP-19ONMSO" name="com.qa.testscript.TestNGAnnotationDemo" tests="3" failures="0" timestamp="27 Apr 2021 09:31:16 GMT" time="0.019" errors="0">
  <testcase name="FundTransfer" time="0.009" classname="com.qa.testscript.TestNGAnnotationDemo"/>
  <testcase name="UtilityBillPayment" time="0.002" classname="com.qa.testscript.TestNGAnnotationDemo"/>
  <testcase name="CreditCardBillPayment" time="0.008" classname="com.qa.testscript.TestNGAnnotationDemo"/>
</testsuite> <!-- com.qa.testscript.TestNGAnnotationDemo -->
